[2021-07-12 13:37:53,525] {taskinstance.py:876} INFO - Dependencies all met for <TaskInstance: ticker_yahoo.extract_task 2021-07-12T13:32:46.367135+00:00 [queued]>
[2021-07-12 13:37:53,586] {taskinstance.py:876} INFO - Dependencies all met for <TaskInstance: ticker_yahoo.extract_task 2021-07-12T13:32:46.367135+00:00 [queued]>
[2021-07-12 13:37:53,588] {taskinstance.py:1067} INFO - 
--------------------------------------------------------------------------------
[2021-07-12 13:37:53,589] {taskinstance.py:1068} INFO - Starting attempt 2 of 2
[2021-07-12 13:37:53,591] {taskinstance.py:1069} INFO - 
--------------------------------------------------------------------------------
[2021-07-12 13:37:53,620] {taskinstance.py:1087} INFO - Executing <Task(PythonOperator): extract_task> on 2021-07-12T13:32:46.367135+00:00
[2021-07-12 13:37:53,644] {standard_task_runner.py:52} INFO - Started process 688 to run task
[2021-07-12 13:37:53,652] {standard_task_runner.py:76} INFO - Running: ['***', 'tasks', 'run', 'ticker_yahoo', 'extract_task', '2021-07-12T13:32:46.367135+00:00', '--job-id', '22', '--pool', 'default_pool', '--raw', '--subdir', 'DAGS_FOLDER/seleniumtest.py', '--cfg-path', '/tmp/tmpfd4cr2zx', '--error-file', '/tmp/tmpqimgb_w2']
[2021-07-12 13:37:53,654] {standard_task_runner.py:77} INFO - Job 22: Subtask extract_task
[2021-07-12 13:37:53,789] {logging_mixin.py:104} INFO - Running <TaskInstance: ticker_yahoo.extract_task 2021-07-12T13:32:46.367135+00:00 [running]> on host f29b1d03ad56
[2021-07-12 13:37:53,944] {taskinstance.py:1282} INFO - Exporting the following env vars:
AIRFLOW_CTX_DAG_OWNER=***
AIRFLOW_CTX_DAG_ID=ticker_yahoo
AIRFLOW_CTX_TASK_ID=extract_task
AIRFLOW_CTX_EXECUTION_DATE=2021-07-12T13:32:46.367135+00:00
AIRFLOW_CTX_DAG_RUN_ID=manual__2021-07-12T13:32:46.367135+00:00
[2021-07-12 13:39:01,663] {logging_mixin.py:104} INFO - None
[2021-07-12 13:39:36,232] {logging_mixin.py:104} INFO - None
[2021-07-12 13:40:10,291] {taskinstance.py:1481} ERROR - Task failed with exception
Traceback (most recent call last):
  File "/home/airflow/.local/lib/python3.6/site-packages/airflow/models/taskinstance.py", line 1137, in _run_raw_task
    self._prepare_and_execute_task_with_callbacks(context, task)
  File "/home/airflow/.local/lib/python3.6/site-packages/airflow/models/taskinstance.py", line 1311, in _prepare_and_execute_task_with_callbacks
    result = self._execute_task(context, task_copy)
  File "/home/airflow/.local/lib/python3.6/site-packages/airflow/models/taskinstance.py", line 1341, in _execute_task
    result = task_copy.execute(context=context)
  File "/home/airflow/.local/lib/python3.6/site-packages/airflow/operators/python.py", line 150, in execute
    return_value = self.execute_callable()
  File "/home/airflow/.local/lib/python3.6/site-packages/airflow/operators/python.py", line 161, in execute_callable
    return self.python_callable(*self.op_args, **self.op_kwargs)
  File "/opt/airflow/dags/seleniumtest.py", line 59, in extract
    ticker = str(ticker[0].text)
IndexError: list index out of range
[2021-07-12 13:40:10,330] {taskinstance.py:1531} INFO - Marking task as FAILED. dag_id=ticker_yahoo, task_id=extract_task, execution_date=20210712T133246, start_date=20210712T133753, end_date=20210712T134010
[2021-07-12 13:40:10,474] {local_task_job.py:151} INFO - Task exited with return code 1
