[2021-07-21 11:02:11,183] {taskinstance.py:876} INFO - Dependencies all met for <TaskInstance: ticker_yahoo.extract_task 2021-07-21T07:00:00+00:00 [queued]>
[2021-07-21 11:02:11,561] {taskinstance.py:876} INFO - Dependencies all met for <TaskInstance: ticker_yahoo.extract_task 2021-07-21T07:00:00+00:00 [queued]>
[2021-07-21 11:02:11,574] {taskinstance.py:1067} INFO - 
--------------------------------------------------------------------------------
[2021-07-21 11:02:11,590] {taskinstance.py:1068} INFO - Starting attempt 1 of 2
[2021-07-21 11:02:11,690] {taskinstance.py:1069} INFO - 
--------------------------------------------------------------------------------
[2021-07-21 11:02:11,860] {taskinstance.py:1087} INFO - Executing <Task(PythonOperator): extract_task> on 2021-07-21T07:00:00+00:00
[2021-07-21 11:02:12,055] {standard_task_runner.py:52} INFO - Started process 106 to run task
[2021-07-21 11:02:12,100] {standard_task_runner.py:76} INFO - Running: ['***', 'tasks', 'run', 'ticker_yahoo', 'extract_task', '2021-07-21T07:00:00+00:00', '--job-id', '1922', '--pool', 'default_pool', '--raw', '--subdir', 'DAGS_FOLDER/seleniumtest.py', '--cfg-path', '/tmp/tmp64d9kf_y', '--error-file', '/tmp/tmpd9_ify8q']
[2021-07-21 11:02:12,104] {standard_task_runner.py:77} INFO - Job 1922: Subtask extract_task
[2021-07-21 11:02:13,074] {logging_mixin.py:104} INFO - Running <TaskInstance: ticker_yahoo.extract_task 2021-07-21T07:00:00+00:00 [running]> on host 13346afafa5b
[2021-07-21 11:02:13,877] {taskinstance.py:1282} INFO - Exporting the following env vars:
AIRFLOW_CTX_DAG_OWNER=***
AIRFLOW_CTX_DAG_ID=ticker_yahoo
AIRFLOW_CTX_TASK_ID=extract_task
AIRFLOW_CTX_EXECUTION_DATE=2021-07-21T07:00:00+00:00
AIRFLOW_CTX_DAG_RUN_ID=scheduled__2021-07-21T07:00:00+00:00
[2021-07-21 11:04:37,970] {logging_mixin.py:104} INFO - comapny name: 20 Microns Limited (20MICRONS.NS)
[2021-07-21 11:04:38,077] {logging_mixin.py:104} INFO - extracted ticker: 20MICRONS.NS
[2021-07-21 11:04:50,389] {taskinstance.py:1481} ERROR - Task failed with exception
Traceback (most recent call last):
  File "/home/airflow/.local/lib/python3.6/site-packages/airflow/models/taskinstance.py", line 1137, in _run_raw_task
    self._prepare_and_execute_task_with_callbacks(context, task)
  File "/home/airflow/.local/lib/python3.6/site-packages/airflow/models/taskinstance.py", line 1311, in _prepare_and_execute_task_with_callbacks
    result = self._execute_task(context, task_copy)
  File "/home/airflow/.local/lib/python3.6/site-packages/airflow/models/taskinstance.py", line 1341, in _execute_task
    result = task_copy.execute(context=context)
  File "/home/airflow/.local/lib/python3.6/site-packages/airflow/operators/python.py", line 150, in execute
    return_value = self.execute_callable()
  File "/home/airflow/.local/lib/python3.6/site-packages/airflow/operators/python.py", line 161, in execute_callable
    return self.python_callable(*self.op_args, **self.op_kwargs)
  File "/opt/airflow/dags/seleniumtest.py", line 50, in extract
    searchBox = driver.find_element_by_id('yfin-usr-qry')
  File "/home/airflow/.local/lib/python3.6/site-packages/selenium/webdriver/remote/webdriver.py", line 360, in find_element_by_id
    return self.find_element(by=By.ID, value=id_)
  File "/home/airflow/.local/lib/python3.6/site-packages/selenium/webdriver/remote/webdriver.py", line 978, in find_element
    'value': value})['value']
  File "/home/airflow/.local/lib/python3.6/site-packages/selenium/webdriver/remote/webdriver.py", line 321, in execute
    self.error_handler.check_response(response)
  File "/home/airflow/.local/lib/python3.6/site-packages/selenium/webdriver/remote/errorhandler.py", line 242, in check_response
    raise exception_class(message, screen, stacktrace)
selenium.common.exceptions.NoSuchElementException: Message: Unable to locate element: [id="yfin-usr-qry"]

[2021-07-21 11:04:50,717] {taskinstance.py:1531} INFO - Marking task as UP_FOR_RETRY. dag_id=ticker_yahoo, task_id=extract_task, execution_date=20210721T070000, start_date=20210721T110211, end_date=20210721T110450
[2021-07-21 11:04:53,627] {local_task_job.py:151} INFO - Task exited with return code 1
