[2021-07-21 11:22:34,709] {taskinstance.py:876} INFO - Dependencies all met for <TaskInstance: ticker_yahoo.extract_task 2021-07-21T11:22:32.672209+00:00 [queued]>
[2021-07-21 11:22:34,741] {taskinstance.py:876} INFO - Dependencies all met for <TaskInstance: ticker_yahoo.extract_task 2021-07-21T11:22:32.672209+00:00 [queued]>
[2021-07-21 11:22:34,742] {taskinstance.py:1067} INFO - 
--------------------------------------------------------------------------------
[2021-07-21 11:22:34,743] {taskinstance.py:1068} INFO - Starting attempt 1 of 2
[2021-07-21 11:22:34,744] {taskinstance.py:1069} INFO - 
--------------------------------------------------------------------------------
[2021-07-21 11:22:34,779] {taskinstance.py:1087} INFO - Executing <Task(PythonOperator): extract_task> on 2021-07-21T11:22:32.672209+00:00
[2021-07-21 11:22:34,795] {standard_task_runner.py:52} INFO - Started process 583 to run task
[2021-07-21 11:22:34,804] {standard_task_runner.py:76} INFO - Running: ['***', 'tasks', 'run', 'ticker_yahoo', 'extract_task', '2021-07-21T11:22:32.672209+00:00', '--job-id', '1932', '--pool', 'default_pool', '--raw', '--subdir', 'DAGS_FOLDER/seleniumtest.py', '--cfg-path', '/tmp/tmpejb9gits', '--error-file', '/tmp/tmp2cgth_d4']
[2021-07-21 11:22:34,806] {standard_task_runner.py:77} INFO - Job 1932: Subtask extract_task
[2021-07-21 11:22:34,914] {logging_mixin.py:104} INFO - Running <TaskInstance: ticker_yahoo.extract_task 2021-07-21T11:22:32.672209+00:00 [running]> on host 5795a622f846
[2021-07-21 11:22:35,018] {taskinstance.py:1282} INFO - Exporting the following env vars:
AIRFLOW_CTX_DAG_OWNER=***
AIRFLOW_CTX_DAG_ID=ticker_yahoo
AIRFLOW_CTX_TASK_ID=extract_task
AIRFLOW_CTX_EXECUTION_DATE=2021-07-21T11:22:32.672209+00:00
AIRFLOW_CTX_DAG_RUN_ID=manual__2021-07-21T11:22:32.672209+00:00
[2021-07-21 11:23:41,429] {taskinstance.py:1481} ERROR - Task failed with exception
Traceback (most recent call last):
  File "/home/airflow/.local/lib/python3.6/site-packages/airflow/models/taskinstance.py", line 1137, in _run_raw_task
    self._prepare_and_execute_task_with_callbacks(context, task)
  File "/home/airflow/.local/lib/python3.6/site-packages/airflow/models/taskinstance.py", line 1311, in _prepare_and_execute_task_with_callbacks
    result = self._execute_task(context, task_copy)
  File "/home/airflow/.local/lib/python3.6/site-packages/airflow/models/taskinstance.py", line 1341, in _execute_task
    result = task_copy.execute(context=context)
  File "/home/airflow/.local/lib/python3.6/site-packages/airflow/operators/python.py", line 150, in execute
    return_value = self.execute_callable()
  File "/home/airflow/.local/lib/python3.6/site-packages/airflow/operators/python.py", line 161, in execute_callable
    return self.python_callable(*self.op_args, **self.op_kwargs)
  File "/opt/airflow/dags/seleniumtest.py", line 43, in extract
    driver = webdriver.Remote("http://selenium:4444/wd/hub", options=opt)
  File "/home/airflow/.local/lib/python3.6/site-packages/selenium/webdriver/remote/webdriver.py", line 157, in __init__
    self.start_session(capabilities, browser_profile)
  File "/home/airflow/.local/lib/python3.6/site-packages/selenium/webdriver/remote/webdriver.py", line 252, in start_session
    response = self.execute(Command.NEW_SESSION, parameters)
  File "/home/airflow/.local/lib/python3.6/site-packages/selenium/webdriver/remote/webdriver.py", line 321, in execute
    self.error_handler.check_response(response)
  File "/home/airflow/.local/lib/python3.6/site-packages/selenium/webdriver/remote/errorhandler.py", line 242, in check_response
    raise exception_class(message, screen, stacktrace)
selenium.common.exceptions.TimeoutException: Message: Connection refused (os error 111)
Build info: version: '3.141.59', revision: 'e82be7d358', time: '2018-11-14T08:25:53'
System info: host: '3befa14269ba', ip: '172.18.0.5', os.name: 'Linux', os.arch: 'amd64', os.version: '5.4.72-microsoft-standard-WSL2', java.version: '1.8.0_292'
Driver info: driver.version: unknown
remote stacktrace: 
Stacktrace:
    at sun.reflect.NativeConstructorAccessorImpl.newInstance0 (NativeConstructorAccessorImpl.java:-2)
    at sun.reflect.NativeConstructorAccessorImpl.newInstance (NativeConstructorAccessorImpl.java:62)
    at sun.reflect.DelegatingConstructorAccessorImpl.newInstance (DelegatingConstructorAccessorImpl.java:45)
    at java.lang.reflect.Constructor.newInstance (Constructor.java:423)
    at org.openqa.selenium.remote.W3CHandshakeResponse.lambda$errorHandler$0 (W3CHandshakeResponse.java:62)
    at org.openqa.selenium.remote.HandshakeResponse.lambda$getResponseFunction$0 (HandshakeResponse.java:30)
    at org.openqa.selenium.remote.ProtocolHandshake.lambda$createSession$0 (ProtocolHandshake.java:126)
    at java.util.stream.ReferencePipeline$3$1.accept (ReferencePipeline.java:193)
    at java.util.Spliterators$ArraySpliterator.tryAdvance (Spliterators.java:958)
    at java.util.stream.ReferencePipeline.forEachWithCancel (ReferencePipeline.java:126)
    at java.util.stream.AbstractPipeline.copyIntoWithCancel (AbstractPipeline.java:499)
    at java.util.stream.AbstractPipeline.copyInto (AbstractPipeline.java:486)
    at java.util.stream.AbstractPipeline.wrapAndCopyInto (AbstractPipeline.java:472)
    at java.util.stream.FindOps$FindOp.evaluateSequential (FindOps.java:152)
    at java.util.stream.AbstractPipeline.evaluate (AbstractPipeline.java:234)
    at java.util.stream.ReferencePipeline.findFirst (ReferencePipeline.java:531)
    at org.openqa.selenium.remote.ProtocolHandshake.createSession (ProtocolHandshake.java:128)
    at org.openqa.selenium.remote.ProtocolHandshake.createSession (ProtocolHandshake.java:74)
    at org.openqa.selenium.grid.session.remote.RemoteSession$Factory.performHandshake (RemoteSession.java:147)
    at org.openqa.selenium.grid.session.remote.ServicedSession$Factory.apply (ServicedSession.java:161)
    at org.openqa.selenium.remote.server.ActiveSessionFactory.lambda$apply$12 (ActiveSessionFactory.java:180)
    at java.util.stream.ReferencePipeline$3$1.accept (ReferencePipeline.java:193)
    at java.util.stream.ReferencePipeline$11$1.accept (ReferencePipeline.java:440)
    at java.util.stream.ReferencePipeline$2$1.accept (ReferencePipeline.java:175)
    at java.util.Spliterators$ArraySpliterator.tryAdvance (Spliterators.java:958)
    at java.util.stream.ReferencePipeline.forEachWithCancel (ReferencePipeline.java:126)
    at java.util.stream.AbstractPipeline.copyIntoWithCancel (AbstractPipeline.java:499)
    at java.util.stream.AbstractPipeline.copyInto (AbstractPipeline.java:486)
    at java.util.stream.AbstractPipeline.wrapAndCopyInto (AbstractPipeline.java:472)
    at java.util.stream.FindOps$FindOp.evaluateSequential (FindOps.java:152)
    at java.util.stream.AbstractPipeline.evaluate (AbstractPipeline.java:234)
    at java.util.stream.ReferencePipeline.findFirst (ReferencePipeline.java:531)
    at org.openqa.selenium.remote.server.ActiveSessionFactory.apply (ActiveSessionFactory.java:183)
    at org.openqa.selenium.remote.server.NewSessionPipeline.lambda$null$2 (NewSessionPipeline.java:66)
    at java.util.stream.ReferencePipeline$3$1.accept (ReferencePipeline.java:193)
    at java.util.stream.ReferencePipeline$2$1.accept (ReferencePipeline.java:175)
    at java.util.Collections$2.tryAdvance (Collections.java:4719)
    at java.util.stream.ReferencePipeline.forEachWithCancel (ReferencePipeline.java:126)
    at java.util.stream.AbstractPipeline.copyIntoWithCancel (AbstractPipeline.java:499)
    at java.util.stream.AbstractPipeline.copyInto (AbstractPipeline.java:486)
    at java.util.stream.AbstractPipeline.wrapAndCopyInto (AbstractPipeline.java:472)
    at java.util.stream.FindOps$FindOp.evaluateSequential (FindOps.java:152)
    at java.util.stream.AbstractPipeline.evaluate (AbstractPipeline.java:234)
    at java.util.stream.ReferencePipeline.findFirst (ReferencePipeline.java:531)
    at org.openqa.selenium.remote.server.NewSessionPipeline.lambda$createNewSession$3 (NewSessionPipeline.java:69)
    at java.util.stream.ReferencePipeline$3$1.accept (ReferencePipeline.java:193)
    at java.util.stream.ReferencePipeline$3$1.accept (ReferencePipeline.java:193)
    at java.util.stream.ReferencePipeline$3$1.accept (ReferencePipeline.java:193)
    at java.util.stream.DistinctOps$1$2.accept (DistinctOps.java:175)
    at java.util.stream.ReferencePipeline$2$1.accept (ReferencePipeline.java:175)
    at java.util.stream.ReferencePipeline$3$1.accept (ReferencePipeline.java:193)
    at java.util.stream.ReferencePipeline$2$1.accept (ReferencePipeline.java:175)
    at java.util.stream.Streams$StreamBuilderImpl.tryAdvance (Streams.java:405)
    at java.util.stream.Streams$ConcatSpliterator.tryAdvance (Streams.java:728)
    at java.util.stream.ReferencePipeline.forEachWithCancel (ReferencePipeline.java:126)
    at java.util.stream.AbstractPipeline.copyIntoWithCancel (AbstractPipeline.java:499)
    at java.util.stream.AbstractPipeline.copyInto (AbstractPipeline.java:486)
    at java.util.stream.AbstractPipeline.wrapAndCopyInto (AbstractPipeline.java:472)
    at java.util.stream.FindOps$FindOp.evaluateSequential (FindOps.java:152)
    at java.util.stream.AbstractPipeline.evaluate (AbstractPipeline.java:234)
    at java.util.stream.ReferencePipeline.findFirst (ReferencePipeline.java:531)
    at org.openqa.selenium.remote.server.NewSessionPipeline.createNewSession (NewSessionPipeline.java:72)
    at org.openqa.selenium.remote.server.commandhandler.BeginSession.execute (BeginSession.java:65)
    at org.openqa.selenium.remote.server.WebDriverServlet.lambda$handle$0 (WebDriverServlet.java:235)
    at java.util.concurrent.Executors$RunnableAdapter.call (Executors.java:511)
    at java.util.concurrent.FutureTask.run (FutureTask.java:266)
    at java.util.concurrent.ThreadPoolExecutor.runWorker (ThreadPoolExecutor.java:1149)
    at java.util.concurrent.ThreadPoolExecutor$Worker.run (ThreadPoolExecutor.java:624)
    at java.lang.Thread.run (Thread.java:748)
[2021-07-21 11:23:41,779] {taskinstance.py:1531} INFO - Marking task as UP_FOR_RETRY. dag_id=ticker_yahoo, task_id=extract_task, execution_date=20210721T112232, start_date=20210721T112234, end_date=20210721T112341
[2021-07-21 11:23:42,460] {local_task_job.py:151} INFO - Task exited with return code 1
