[2021-07-14 13:10:05,430] {taskinstance.py:876} INFO - Dependencies all met for <TaskInstance: ticker_yahoo.extract_task 2021-07-14T07:58:00+00:00 [queued]>
[2021-07-14 13:10:05,620] {taskinstance.py:876} INFO - Dependencies all met for <TaskInstance: ticker_yahoo.extract_task 2021-07-14T07:58:00+00:00 [queued]>
[2021-07-14 13:10:05,622] {taskinstance.py:1067} INFO - 
--------------------------------------------------------------------------------
[2021-07-14 13:10:05,633] {taskinstance.py:1068} INFO - Starting attempt 1 of 2
[2021-07-14 13:10:05,634] {taskinstance.py:1069} INFO - 
--------------------------------------------------------------------------------
[2021-07-14 13:10:05,740] {taskinstance.py:1087} INFO - Executing <Task(PythonOperator): extract_task> on 2021-07-14T07:58:00+00:00
[2021-07-14 13:10:05,870] {standard_task_runner.py:52} INFO - Started process 105 to run task
[2021-07-14 13:10:05,899] {standard_task_runner.py:76} INFO - Running: ['***', 'tasks', 'run', 'ticker_yahoo', 'extract_task', '2021-07-14T07:58:00+00:00', '--job-id', '172', '--pool', 'default_pool', '--raw', '--subdir', 'DAGS_FOLDER/seleniumtest.py', '--cfg-path', '/tmp/tmpwy3m1aih', '--error-file', '/tmp/tmpimobkg2d']
[2021-07-14 13:10:05,915] {standard_task_runner.py:77} INFO - Job 172: Subtask extract_task
[2021-07-14 13:10:06,672] {logging_mixin.py:104} INFO - Running <TaskInstance: ticker_yahoo.extract_task 2021-07-14T07:58:00+00:00 [running]> on host a2cbcfd4d6f4
[2021-07-14 13:10:07,291] {taskinstance.py:1282} INFO - Exporting the following env vars:
AIRFLOW_CTX_DAG_OWNER=***
AIRFLOW_CTX_DAG_ID=ticker_yahoo
AIRFLOW_CTX_TASK_ID=extract_task
AIRFLOW_CTX_EXECUTION_DATE=2021-07-14T07:58:00+00:00
AIRFLOW_CTX_DAG_RUN_ID=scheduled__2021-07-14T07:58:00+00:00
[2021-07-14 13:10:12,295] {local_task_job.py:76} ERROR - Received SIGTERM. Terminating subprocesses
[2021-07-14 13:10:12,322] {process_utils.py:100} INFO - Sending Signals.SIGTERM to GPID 105
[2021-07-14 13:10:12,429] {taskinstance.py:1264} ERROR - Received SIGTERM. Terminating subprocesses.
[2021-07-14 13:10:12,591] {taskinstance.py:1481} ERROR - Task failed with exception
Traceback (most recent call last):
  File "/home/airflow/.local/lib/python3.6/site-packages/airflow/models/taskinstance.py", line 1137, in _run_raw_task
    self._prepare_and_execute_task_with_callbacks(context, task)
  File "/home/airflow/.local/lib/python3.6/site-packages/airflow/models/taskinstance.py", line 1311, in _prepare_and_execute_task_with_callbacks
    result = self._execute_task(context, task_copy)
  File "/home/airflow/.local/lib/python3.6/site-packages/airflow/models/taskinstance.py", line 1341, in _execute_task
    result = task_copy.execute(context=context)
  File "/home/airflow/.local/lib/python3.6/site-packages/airflow/operators/python.py", line 150, in execute
    return_value = self.execute_callable()
  File "/home/airflow/.local/lib/python3.6/site-packages/airflow/operators/python.py", line 161, in execute_callable
    return self.python_callable(*self.op_args, **self.op_kwargs)
  File "/opt/airflow/dags/seleniumtest.py", line 44, in extract
    driver = webdriver.Remote("http://selenium:4444/wd/hub", options=opt)
  File "/home/airflow/.local/lib/python3.6/site-packages/selenium/webdriver/remote/webdriver.py", line 157, in __init__
    self.start_session(capabilities, browser_profile)
  File "/home/airflow/.local/lib/python3.6/site-packages/selenium/webdriver/remote/webdriver.py", line 252, in start_session
    response = self.execute(Command.NEW_SESSION, parameters)
  File "/home/airflow/.local/lib/python3.6/site-packages/selenium/webdriver/remote/webdriver.py", line 319, in execute
    response = self.command_executor.execute(driver_command, params)
  File "/home/airflow/.local/lib/python3.6/site-packages/selenium/webdriver/remote/remote_connection.py", line 374, in execute
    return self._request(command_info[0], url, body=data)
  File "/home/airflow/.local/lib/python3.6/site-packages/selenium/webdriver/remote/remote_connection.py", line 402, in _request
    resp = http.request(method, url, body=body, headers=headers)
  File "/home/airflow/.local/lib/python3.6/site-packages/urllib3/request.py", line 80, in request
    method, url, fields=fields, headers=headers, **urlopen_kw
  File "/home/airflow/.local/lib/python3.6/site-packages/urllib3/request.py", line 171, in request_encode_body
    return self.urlopen(method, url, **extra_kw)
  File "/home/airflow/.local/lib/python3.6/site-packages/urllib3/poolmanager.py", line 336, in urlopen
    response = conn.urlopen(method, u.request_uri, **kw)
  File "/home/airflow/.local/lib/python3.6/site-packages/urllib3/connectionpool.py", line 677, in urlopen
    chunked=chunked,
  File "/home/airflow/.local/lib/python3.6/site-packages/urllib3/connectionpool.py", line 426, in _make_request
    six.raise_from(e, None)
  File "<string>", line 3, in raise_from
  File "/home/airflow/.local/lib/python3.6/site-packages/urllib3/connectionpool.py", line 421, in _make_request
    httplib_response = conn.getresponse()
  File "/usr/local/lib/python3.6/http/client.py", line 1379, in getresponse
    response.begin()
  File "/usr/local/lib/python3.6/http/client.py", line 311, in begin
    version, status, reason = self._read_status()
  File "/usr/local/lib/python3.6/http/client.py", line 272, in _read_status
    line = str(self.fp.readline(_MAXLINE + 1), "iso-8859-1")
  File "/usr/local/lib/python3.6/socket.py", line 586, in readinto
    return self._sock.recv_into(b)
  File "/home/airflow/.local/lib/python3.6/site-packages/airflow/models/taskinstance.py", line 1266, in signal_handler
    raise AirflowException("Task received SIGTERM signal")
airflow.exceptions.AirflowException: Task received SIGTERM signal
[2021-07-14 13:10:13,212] {taskinstance.py:1531} INFO - Marking task as UP_FOR_RETRY. dag_id=ticker_yahoo, task_id=extract_task, execution_date=20210714T075800, start_date=20210714T131005, end_date=20210714T131013
[2021-07-14 13:10:13,833] {process_utils.py:66} INFO - Process psutil.Process(pid=105, status='terminated', exitcode=1, started='13:10:05') (105) terminated with exit code 1
